Arguments: 
  C:\Program Files\nodejs\node.exe C:\Users\bilal.tosun\AppData\Roaming\npm\node_modules\yarn\bin\yarn.js run dev

PATH: 
  C:\Program Files (x86)\Common Files\Oracle\Java\javapath;C:\oracle\product\10.2.0\db_1\bin;C:\Program Files (x86)\Intel\Intel(R) Management Engine Components\iCLS\;C:\Program Files\Intel\Intel(R) Management Engine Components\iCLS\;C:\WINDOWS\system32;C:\WINDOWS;C:\WINDOWS\System32\Wbem;C:\WINDOWS\System32\WindowsPowerShell\v1.0\;C:\WINDOWS\System32\OpenSSH\;C:\Program Files (x86)\Intel\Intel(R) Management Engine Components\DAL;C:\Program Files\Intel\Intel(R) Management Engine Components\DAL;C:\Program Files (x86)\Intel\Intel(R) Management Engine Components\IPT;C:\Program Files\Intel\Intel(R) Management Engine Components\IPT;C:\Program Files\Java\jdk1.8.0_191;C:\Program Files\Java\jdk1.8.0_191\bin;C:\apache-maven-3.1.1\bin;C:\Program Files\nodejs\;C:\Program Files\Git\cmd;C:\Users\bilal.tosun\AppData\Local\Microsoft\WindowsApps;C:\Users\bilal.tosun\AppData\Roaming\npm;C:\Users\bilal.tosun\AppData\Local\Programs\Microsoft VS Code\bin;C:\Users\bilal.tosun\AppData\Local\GitHubDesktop\bin

Yarn version: 
  1.22.5

Node version: 
  12.18.3

Platform: 
  win32 x64

Trace: 
  SyntaxError: C:\Users\bilal.tosun\Desktop\nextjs\ornek-website\package.json: Unexpected token } in JSON at position 188
      at JSON.parse (<anonymous>)
      at C:\Users\bilal.tosun\AppData\Roaming\npm\node_modules\yarn\lib\cli.js:1625:59
      at Generator.next (<anonymous>)
      at step (C:\Users\bilal.tosun\AppData\Roaming\npm\node_modules\yarn\lib\cli.js:310:30)
      at C:\Users\bilal.tosun\AppData\Roaming\npm\node_modules\yarn\lib\cli.js:321:13

npm manifest: 
  {
    "name": "ornek-website",
    "version": "1.0.0",
    "description": "",
    "main": "index.js",
    "scripts": {
      "dev": "next dev",
      "build": "next build",
      "start": "next start",
    },
    "author": "",
    "license": "ISC",
    "dependencies": {
      "next": "^10.0.3",
      "react": "^17.0.1",
      "react-dom": "^17.0.1"
    }
  }

yarn manifest: 
  No manifest

Lockfile: 
  No lockfile
